<?xml version="1.0" encoding="UTF-8"?>
<!-- Generated by org.testng.reporters.JUnitXMLReporter -->
<testsuite hostname="ASDP1744PO02529" ignored="0" name="Parameter" tests="10" failures="0" timestamp="22 Aug 2017 13:12:17 GMT" time="0.028" errors="0">
  <testcase name="@BeforeClass start_browser" time="0.006" classname="Verify_Homepage.VerifyHomePage_Test">
    <failure type="java.lang.NullPointerException">
      <![CDATA[java.lang.NullPointerException
	at Start_Browser.Browser.start_chrome(Browser.java:15)
	at Verify_Homepage.VerifyHomePageMethod.start_chrome(VerifyHomePageMethod.java:34)
	at Verify_Homepage.VerifyHomePage_Test.start_browser(VerifyHomePage_Test.java:19)
... Removed 31 stack frames]]>
    </failure>
  </testcase> <!-- @BeforeClass start_browser -->
  <testcase name="@BeforeMethod launch_url" time="0.0" classname="Verify_Homepage.VerifyHomePage_Test">
    <skipped/>
  </testcase> <!-- @BeforeMethod launch_url -->
  <testcase name="@BeforeMethod launch_url" time="0.0" classname="Verify_Homepage.VerifyHomePage_Test">
    <skipped/>
  </testcase> <!-- @BeforeMethod launch_url -->
  <testcase name="@BeforeMethod launch_url" time="0.0" classname="Verify_Homepage.VerifyHomePage_Test">
    <skipped/>
  </testcase> <!-- @BeforeMethod launch_url -->
  <testcase name="@BeforeMethod launch_url" time="0.0" classname="Verify_Homepage.VerifyHomePage_Test">
    <skipped/>
  </testcase> <!-- @BeforeMethod launch_url -->
  <testcase name="@BeforeMethod launch_url" time="0.0" classname="Verify_Homepage.VerifyHomePage_Test">
    <skipped/>
  </testcase> <!-- @BeforeMethod launch_url -->
  <testcase name="@BeforeMethod launch_url" time="0.0" classname="Verify_Homepage.VerifyHomePage_Test">
    <skipped/>
  </testcase> <!-- @BeforeMethod launch_url -->
  <testcase name="@BeforeMethod launch_url" time="0.0" classname="Verify_Homepage.VerifyHomePage_Test">
    <skipped/>
  </testcase> <!-- @BeforeMethod launch_url -->
  <testcase name="@BeforeMethod launch_url" time="0.0" classname="Verify_Homepage.VerifyHomePage_Test">
    <skipped/>
  </testcase> <!-- @BeforeMethod launch_url -->
  <testcase name="@BeforeMethod launch_url" time="0.0" classname="Verify_Homepage.VerifyHomePage_Test">
    <skipped/>
  </testcase> <!-- @BeforeMethod launch_url -->
  <testcase name="@BeforeMethod launch_url" time="0.0" classname="Verify_Homepage.VerifyHomePage_Test">
    <skipped/>
  </testcase> <!-- @BeforeMethod launch_url -->
  <testcase name="@AfterClass close_browser" time="0.0" classname="Verify_Homepage.VerifyHomePage_Test">
    <skipped/>
  </testcase> <!-- @AfterClass close_browser -->
  <testcase name="coach_001_verify_logo" time="0.0" classname="Verify_Homepage.VerifyHomePage_Test">
    <skipped/>
  </testcase> <!-- coach_001_verify_logo -->
  <testcase name="coach_002_verify_Account" time="0.0" classname="Verify_Homepage.VerifyHomePage_Test">
    <skipped/>
  </testcase> <!-- coach_002_verify_Account -->
  <testcase name="coach_003_verify_wishlist" time="0.0" classname="Verify_Homepage.VerifyHomePage_Test">
    <skipped/>
  </testcase> <!-- coach_003_verify_wishlist -->
  <testcase name="verify_COACH_1941" time="0.0" classname="Verify_Homepage.VerifyHomePage_Test">
    <skipped/>
  </testcase> <!-- verify_COACH_1941 -->
  <testcase name="verify_Gifts" time="0.0" classname="Verify_Homepage.VerifyHomePage_Test">
    <skipped/>
  </testcase> <!-- verify_Gifts -->
  <testcase name="verify_Men" time="0.0" classname="Verify_Homepage.VerifyHomePage_Test">
    <skipped/>
  </testcase> <!-- verify_Men -->
  <testcase name="verify_New" time="0.0" classname="Verify_Homepage.VerifyHomePage_Test">
    <skipped/>
  </testcase> <!-- verify_New -->
  <testcase name="verify_Personalize" time="0.0" classname="Verify_Homepage.VerifyHomePage_Test">
    <skipped/>
  </testcase> <!-- verify_Personalize -->
  <testcase name="verify_Sale" time="0.0" classname="Verify_Homepage.VerifyHomePage_Test">
    <skipped/>
  </testcase> <!-- verify_Sale -->
  <testcase name="verify_Women" time="0.0" classname="Verify_Homepage.VerifyHomePage_Test">
    <skipped/>
  </testcase> <!-- verify_Women -->
</testsuite> <!-- Parameter -->
