<?xml version="1.0" encoding="UTF-8"?>
<!-- Generated by org.testng.reporters.JUnitXMLReporter -->
<testsuite hostname="ASDP1744PO02529" ignored="0" name="Default test" tests="10" failures="0" timestamp="22 Aug 2017 13:51:03 GMT" time="55.058" errors="0">
  <testcase name="coach_001_verify_logo" time="0.045" classname="Verify_Homepage.VerifyHomePage_Test"/>
  <testcase name="coach_002_verify_Account" time="0.063" classname="Verify_Homepage.VerifyHomePage_Test"/>
  <testcase name="coach_003_verify_wishlist" time="0.225" classname="Verify_Homepage.VerifyHomePage_Test"/>
  <testcase name="coach_004_verify_New" time="2.96" classname="Verify_Homepage.VerifyHomePage_Test"/>
  <testcase name="coach_005_verify_Women" time="2.15" classname="Verify_Homepage.VerifyHomePage_Test"/>
  <testcase name="coach_006_verify_Men" time="1.899" classname="Verify_Homepage.VerifyHomePage_Test"/>
  <testcase name="coach_007_verify_COACH_1941" time="1.725" classname="Verify_Homepage.VerifyHomePage_Test"/>
  <testcase name="coach_008_verify_Personalize" time="2.427" classname="Verify_Homepage.VerifyHomePage_Test"/>
  <testcase name="coach_009_verify_Gifts" time="2.099" classname="Verify_Homepage.VerifyHomePage_Test"/>
  <testcase name="coach_010_verify_Sale" time="1.984" classname="Verify_Homepage.VerifyHomePage_Test"/>
</testsuite> <!-- Default test -->
