<?xml version="1.0" encoding="UTF-8" ?>
<testsuite tests="22" failures="1" name="TestSuite" time="0.343" errors="0" skipped="21">
  <properties>
[...]
</properties>
  <testcase classname="Verify_Homepage.VerifyHomePage_Test" name="start_browser" time="0">
    <failure type="java.lang.NullPointerException">java.lang.NullPointerException
	at Start_Browser.Browser.start_chrome(Browser.java:15)
	at Verify_Homepage.VerifyHomePageMethod.start_chrome(VerifyHomePageMethod.java:34)
	at Verify_Homepage.VerifyHomePage_Test.start_browser(VerifyHomePage_Test.java:19)
</failure>
  </testcase>
  <testcase classname="Verify_Homepage.VerifyHomePage_Test" name="launch_url" time="0.01">
    <skipped/>
  </testcase>
  <testcase classname="Verify_Homepage.VerifyHomePage_Test" name="coach_001_verify_logo" time="0.01">
    <skipped/>
  </testcase>
  <testcase classname="Verify_Homepage.VerifyHomePage_Test" name="launch_url" time="0.011">
    <skipped/>
  </testcase>
  <testcase classname="Verify_Homepage.VerifyHomePage_Test" name="coach_002_verify_Account" time="0.011">
    <skipped/>
  </testcase>
  <testcase classname="Verify_Homepage.VerifyHomePage_Test" name="launch_url" time="0.011">
    <skipped/>
  </testcase>
  <testcase classname="Verify_Homepage.VerifyHomePage_Test" name="coach_003_verify_wishlist" time="0.011">
    <skipped/>
  </testcase>
  <testcase classname="Verify_Homepage.VerifyHomePage_Test" name="launch_url" time="0.011">
    <skipped/>
  </testcase>
  <testcase classname="Verify_Homepage.VerifyHomePage_Test" name="verify_COACH_1941" time="0.011">
    <skipped/>
  </testcase>
  <testcase classname="Verify_Homepage.VerifyHomePage_Test" name="launch_url" time="0.012">
    <skipped/>
  </testcase>
  <testcase classname="Verify_Homepage.VerifyHomePage_Test" name="verify_Gifts" time="0.012">
    <skipped/>
  </testcase>
  <testcase classname="Verify_Homepage.VerifyHomePage_Test" name="launch_url" time="0.012">
    <skipped/>
  </testcase>
  <testcase classname="Verify_Homepage.VerifyHomePage_Test" name="verify_Men" time="0.012">
    <skipped/>
  </testcase>
  <testcase classname="Verify_Homepage.VerifyHomePage_Test" name="launch_url" time="0.013">
    <skipped/>
  </testcase>
  <testcase classname="Verify_Homepage.VerifyHomePage_Test" name="verify_New" time="0.013">
    <skipped/>
  </testcase>
  <testcase classname="Verify_Homepage.VerifyHomePage_Test" name="launch_url" time="0.013">
    <skipped/>
  </testcase>
  <testcase classname="Verify_Homepage.VerifyHomePage_Test" name="verify_Personalize" time="0.013">
    <skipped/>
  </testcase>
  <testcase classname="Verify_Homepage.VerifyHomePage_Test" name="launch_url" time="0.013">
    <skipped/>
  </testcase>
  <testcase classname="Verify_Homepage.VerifyHomePage_Test" name="verify_Sale" time="0.013">
    <skipped/>
  </testcase>
  <testcase classname="Verify_Homepage.VerifyHomePage_Test" name="launch_url" time="0.013">
    <skipped/>
  </testcase>
  <testcase classname="Verify_Homepage.VerifyHomePage_Test" name="verify_Women" time="0.013">
    <skipped/>
  </testcase>
  <testcase classname="Verify_Homepage.VerifyHomePage_Test" name="close_browser" time="0.014">
    <skipped/>
  </testcase>
</testsuite>